2025-06-05T22:51:00: (node:93326) [DEP0040] DeprecationWarning: The `punycode` module is deprecated. Please use a userland alternative instead.
2025-06-05T22:51:00: (Use `node --trace-deprecation ...` to show where the warning was created)
2025-06-05T23:18:06: (node:94822) [DEP0040] DeprecationWarning: The `punycode` module is deprecated. Please use a userland alternative instead.
2025-06-05T23:18:06: (Use `node --trace-deprecation ...` to show where the warning was created)
2025-06-05T23:19:41: (node:94937) [DEP0040] DeprecationWarning: The `punycode` module is deprecated. Please use a userland alternative instead.
2025-06-05T23:19:41: (Use `node --trace-deprecation ...` to show where the warning was created)
2025-06-05T23:32:37: (node:95655) [DEP0040] DeprecationWarning: The `punycode` module is deprecated. Please use a userland alternative instead.
2025-06-05T23:32:37: (Use `node --trace-deprecation ...` to show where the warning was created)
2025-06-05T23:39:11: (node:96085) [DEP0040] DeprecationWarning: The `punycode` module is deprecated. Please use a userland alternative instead.
2025-06-05T23:39:11: (Use `node --trace-deprecation ...` to show where the warning was created)
2025-06-05T23:43:49: (node:96411) [DEP0040] DeprecationWarning: The `punycode` module is deprecated. Please use a userland alternative instead.
2025-06-05T23:43:49: (Use `node --trace-deprecation ...` to show where the warning was created)
2025-06-05T23:59:46: (node:97446) [DEP0040] DeprecationWarning: The `punycode` module is deprecated. Please use a userland alternative instead.
2025-06-05T23:59:46: (Use `node --trace-deprecation ...` to show where the warning was created)
2025-06-06T00:27:25: (node:98969) [DEP0040] DeprecationWarning: The `punycode` module is deprecated. Please use a userland alternative instead.
2025-06-06T00:27:25: (Use `node --trace-deprecation ...` to show where the warning was created)
2025-06-06T19:48:48: (node:45383) [DEP0040] DeprecationWarning: The `punycode` module is deprecated. Please use a userland alternative instead.
2025-06-06T19:48:48: (Use `node --trace-deprecation ...` to show where the warning was created)
2025-06-06T19:48:58: (node:45429) [DEP0040] DeprecationWarning: The `punycode` module is deprecated. Please use a userland alternative instead.
2025-06-06T19:48:58: (Use `node --trace-deprecation ...` to show where the warning was created)
2025-06-06T19:52:00: (node:45650) [DEP0040] DeprecationWarning: The `punycode` module is deprecated. Please use a userland alternative instead.
2025-06-06T19:52:00: (Use `node --trace-deprecation ...` to show where the warning was created)
2025-06-06T19:57:57: (node:46197) [DEP0040] DeprecationWarning: The `punycode` module is deprecated. Please use a userland alternative instead.
2025-06-06T19:57:57: (Use `node --trace-deprecation ...` to show where the warning was created)
2025-06-06T20:01:54: (node:46509) [DEP0040] DeprecationWarning: The `punycode` module is deprecated. Please use a userland alternative instead.
2025-06-06T20:01:54: (Use `node --trace-deprecation ...` to show where the warning was created)
2025-06-06T21:09:21: (node:49963) [DEP0040] DeprecationWarning: The `punycode` module is deprecated. Please use a userland alternative instead.
2025-06-06T21:09:21: (Use `node --trace-deprecation ...` to show where the warning was created)
2025-06-06T21:18:46: (node:50530) [DEP0040] DeprecationWarning: The `punycode` module is deprecated. Please use a userland alternative instead.
2025-06-06T21:18:46: (Use `node --trace-deprecation ...` to show where the warning was created)
2025-06-14T16:45:43: Error [ERR_MODULE_NOT_FOUND]: Cannot find module '/Users/chahat/Documents/birdie-chatbot-webhook/server.js' imported from /opt/homebrew/lib/node_modules/pm2/lib/ProcessContainerFork.js
2025-06-14T16:45:43:     at finalizeResolution (node:internal/modules/esm/resolve:257:11)
2025-06-14T16:45:43:     at moduleResolve (node:internal/modules/esm/resolve:913:10)
2025-06-14T16:45:43:     at defaultResolve (node:internal/modules/esm/resolve:1037:11)
2025-06-14T16:45:43:     at ModuleLoader.defaultResolve (node:internal/modules/esm/loader:650:12)
2025-06-14T16:45:43:     at #cachedDefaultResolve (node:internal/modules/esm/loader:599:25)
2025-06-14T16:45:43:     at ModuleLoader.resolve (node:internal/modules/esm/loader:582:38)
2025-06-14T16:45:43:     at ModuleLoader.getModuleJobForImport (node:internal/modules/esm/loader:241:38)
2025-06-14T16:45:43:     at onImport.tracePromise.__proto__ (node:internal/modules/esm/loader:542:36)
2025-06-14T16:45:43:     at TracingChannel.tracePromise (node:diagnostics_channel:337:14)
2025-06-14T16:45:43:     at ModuleLoader.import (node:internal/modules/esm/loader:541:21) {
2025-06-14T16:45:43:   code: 'ERR_MODULE_NOT_FOUND',
2025-06-14T16:45:43:   url: 'file:///Users/chahat/Documents/birdie-chatbot-webhook/server.js'
2025-06-14T16:45:43: }
2025-06-14T16:48:53: (node:39910) [DEP0040] DeprecationWarning: The `punycode` module is deprecated. Please use a userland alternative instead.
2025-06-14T16:48:53: (Use `node --trace-deprecation ...` to show where the warning was created)
